12-10 14:49:58 com_github_MitjaNemec_ReplicateLayout.action_replicate_layout 312:Plugin executed on: 'linux'
12-10 14:49:58 com_github_MitjaNemec_ReplicateLayout.action_replicate_layout 313:Plugin executed with python version: '3.10.6 (main, Nov  2 2022, 18:53:38) [GCC 11.3.0]'
12-10 14:49:58 com_github_MitjaNemec_ReplicateLayout.action_replicate_layout 314:KiCad build version: 6.0.7-f9a2dced07~116~ubuntu22.04.1
12-10 14:49:58 com_github_MitjaNemec_ReplicateLayout.action_replicate_layout 315:Plugin version: 1.2.2
12-10 14:49:58 com_github_MitjaNemec_ReplicateLayout.action_replicate_layout 316:Frame repr: <wx._core.Frame object at 0x7f4dc2e4d6c0>
12-10 14:49:58 com_github_MitjaNemec_ReplicateLayout.action_replicate_layout 340:Preparing replicator with TH2 as a reference
12-10 14:49:58 com_github_MitjaNemec_ReplicateLayout.replicate_layout 106:getting a list of all footprints on board
12-10 14:49:58 com_github_MitjaNemec_ReplicateLayout.replicate_layout 118:Footprint G*** does not have Sheetfile property, it will not be replicated. Most likely it is only in schematics
12-10 14:49:58 com_github_MitjaNemec_ReplicateLayout.action_replicate_layout 364:source anchor footprint is 'TH2'
Located on: ['Thermistor2']
With filenames: ['thermistor.kicad_sch']
With sheet_id:['Thermistor2']
12-10 14:49:58 com_github_MitjaNemec_ReplicateLayout.action_replicate_layout 371:Corresponding footprints are 
[('TH3', ['Thermistor']), ('TH2', ['Thermistor2']), ('TH1', ['Thermistor1'])]
12-10 14:49:58 com_github_MitjaNemec_ReplicateLayout.action_replicate_layout 383:Showing dialog
12-10 14:49:59 com_github_MitjaNemec_ReplicateLayout.replicate_layout 344:constructing a list of sheets suitable for replication on level:'Thermistor2', file:'thermistor.kicad_sch'
12-10 14:49:59 com_github_MitjaNemec_ReplicateLayout.replicate_layout 381:suitable sheets are:[['Thermistor'], ['Thermistor1']]
12-10 14:49:59 com_github_MitjaNemec_ReplicateLayout.replicate_layout 1112:Level selected: ['Thermistor2']
12-10 14:49:59 com_github_MitjaNemec_ReplicateLayout.action_replicate_layout 389:Toolbar position: wx.Point(1490, 169)
12-10 14:49:59 com_github_MitjaNemec_ReplicateLayout.action_replicate_layout 395:Dialog position: wx.Point(1126, 169)
12-10 14:50:00 com_github_MitjaNemec_ReplicateLayout.replicate_layout 344:constructing a list of sheets suitable for replication on level:'Thermistor2', file:'thermistor.kicad_sch'
12-10 14:50:00 com_github_MitjaNemec_ReplicateLayout.replicate_layout 381:suitable sheets are:[['Thermistor'], ['Thermistor1']]
12-10 14:50:00 com_github_MitjaNemec_ReplicateLayout.action_replicate_layout 170:Replicating layout
12-10 14:50:00 com_github_MitjaNemec_ReplicateLayout.replicate_layout 154:Starting replication of sheets: [['Thermistor'], ['Thermistor1']]
on level: ['Thermistor2']
with tracks=True, zone=True, text=True, text=True, containing=True, remove=False, locked footprints=False, by_group=False
12-10 14:50:00 root 252:updating GUI message: 'Preparing for replication'
12-10 14:50:00 com_github_MitjaNemec_ReplicateLayout.replicate_layout 224:Getting the list of source footprints
12-10 14:50:00 root 257:updating GUI with: 0
12-10 14:50:00 com_github_MitjaNemec_ReplicateLayout.replicate_layout 239:Getting the list of all the remaining footprints
12-10 14:50:00 com_github_MitjaNemec_ReplicateLayout.replicate_layout 244:Getting nets local to source footprints
12-10 14:50:00 com_github_MitjaNemec_ReplicateLayout.replicate_layout 247:Getting source bounding box
12-10 14:50:00 com_github_MitjaNemec_ReplicateLayout.replicate_layout 251:Getting source tracks
12-10 14:50:00 com_github_MitjaNemec_ReplicateLayout.replicate_layout 266:Getting source zones
12-10 14:50:00 com_github_MitjaNemec_ReplicateLayout.replicate_layout 275:Getting source text items
12-10 14:50:00 com_github_MitjaNemec_ReplicateLayout.replicate_layout 284:Getting source drawing items
12-10 14:50:00 root 252:updating GUI message: 'Replicating footprints'
12-10 14:50:00 com_github_MitjaNemec_ReplicateLayout.replicate_layout 678:Replicating footprints
12-10 14:50:00 com_github_MitjaNemec_ReplicateLayout.replicate_layout 684:Replicating footprints on sheet ['Thermistor']
12-10 14:50:00 com_github_MitjaNemec_ReplicateLayout.replicate_layout 684:Replicating footprints on sheet ['Thermistor1']
12-10 14:50:00 root 257:updating GUI with: 66
12-10 14:50:00 root 257:updating GUI with: 75
12-10 14:50:00 root 257:updating GUI with: 83
12-10 14:50:00 root 252:updating GUI message: 'Replicating tracks'
12-10 14:50:00 com_github_MitjaNemec_ReplicateLayout.replicate_layout 844:Replicating tracks
12-10 14:50:00 root 257:updating GUI with: 0
12-10 14:50:00 com_github_MitjaNemec_ReplicateLayout.replicate_layout 850:Replicating tracks on sheet ['Thermistor']
12-10 14:50:00 com_github_MitjaNemec_ReplicateLayout.replicate_layout 850:Replicating tracks on sheet ['Thermistor1']
12-10 14:50:00 root 252:updating GUI message: 'Replicating zones'
12-10 14:50:00 com_github_MitjaNemec_ReplicateLayout.replicate_layout 909:Replicating zones
12-10 14:50:00 com_github_MitjaNemec_ReplicateLayout.replicate_layout 916:Replicating zones on sheet ['Thermistor']
12-10 14:50:00 com_github_MitjaNemec_ReplicateLayout.replicate_layout 916:Replicating zones on sheet ['Thermistor1']
12-10 14:50:00 root 252:updating GUI message: 'Replicating text'
12-10 14:50:00 com_github_MitjaNemec_ReplicateLayout.replicate_layout 985:Replicating text
12-10 14:50:00 root 257:updating GUI with: 0
12-10 14:50:00 com_github_MitjaNemec_ReplicateLayout.replicate_layout 992:Replicating text on sheet ['Thermistor']
12-10 14:50:00 com_github_MitjaNemec_ReplicateLayout.replicate_layout 992:Replicating text on sheet ['Thermistor1']
12-10 14:50:00 root 252:updating GUI message: 'Replicating drawings'
12-10 14:50:00 com_github_MitjaNemec_ReplicateLayout.replicate_layout 1032:Replicating drawings
12-10 14:50:00 com_github_MitjaNemec_ReplicateLayout.replicate_layout 1038:Replicating drawings on sheet ['Thermistor']
12-10 14:50:00 com_github_MitjaNemec_ReplicateLayout.replicate_layout 1038:Replicating drawings on sheet ['Thermistor1']
12-10 14:50:00 com_github_MitjaNemec_ReplicateLayout.action_replicate_layout 190:Replication complete
